<?xml version="1.0" encoding="UTF-8"?>
<!-- Generated by org.testng.reporters.JUnitReportReporter -->
<testsuite hostname="DESKTOP-JNHK7VF" failures="0" tests="1" name="testNgTestClass.CF_001ValidateSearchResearchHealthPlanereadfrompropertiesfilePolicies2" time="27.583" errors="0" timestamp="2024-01-18T12:53:06 IST" skipped="0">
  <testcase classname="testNgTestClass.CF_001ValidateSearchResearchHealthPlanereadfrompropertiesfilePolicies2" name="validateTestPlansFromTextAndBanners" time="27.583">
    <system-out>
      <![CDATA[Fatching Number Of Result From Text
Fatching Number Of Result From banners
Tc is passed
Taking screenshot Of Final Result]]>
    </system-out>
  </testcase> <!-- validateTestPlansFromTextAndBanners -->
  <system-out>
    <![CDATA[Launching Browser
Opening Browser
Clicking on Gender Button
Clicking On Next Button
Handling Age DropDown
Clicking On Next Button
Entering Pincode
Entering Mobile Number
Clicking On Continue Button
Fatching Number Of Result From Text
Fatching Number Of Result From banners
Tc is passed
Taking screenshot Of Final Result
Closing Browser
Closing Browser]]>
  </system-out>
</testsuite> <!-- testNgTestClass.CF_001ValidateSearchResearchHealthPlanereadfrompropertiesfilePolicies2 -->
