<?xml version="1.0" encoding="UTF-8"?>
<!-- Generated by org.testng.reporters.JUnitReportReporter -->
<testsuite hostname="DESKTOP-JNHK7VF" failures="0" tests="1" name="testNgTestClass.CF_0001ValidateSearchResearchHealthPlanePolicieslog4j" time="36.918" errors="0" timestamp="2024-01-26T18:52:57 IST" skipped="0">
  <testcase classname="testNgTestClass.CF_0001ValidateSearchResearchHealthPlanePolicieslog4j" name="validateTestPlansFromTextAndBanners" time="36.918">
    <system-out>
      <![CDATA[Taking screenshot Of Final Result]]>
    </system-out>
  </testcase> <!-- validateTestPlansFromTextAndBanners -->
  <system-out>
    <![CDATA[Launching Browser
Opening Browser
Clicking on Gender Button
Clicking On Next Button
Handling Age DropDown
Clicking On Next Button
Entering Pincode
Entering Mobile Number
Clicking On Continue Button
Taking screenshot Of Final Result
Closing Browser
Closing Browser]]>
  </system-out>
</testsuite> <!-- testNgTestClass.CF_0001ValidateSearchResearchHealthPlanePolicieslog4j -->
